<?xml version="1.0" encoding="UTF-8"?>
<!-- Generated by org.testng.reporters.JUnitXMLReporter -->
<testsuite ignored="0" hostname="DESKTOP-1O7GECF" failures="0" tests="5" name="Default test" time="0.108" errors="0" timestamp="2021-06-06T23:48:50 IST">
  <testcase classname="Automation.Priority_Annotation" name="stratCar" time="0.015"/>
  <testcase classname="Automation.Priority_Annotation" name="driveCar" time="0.004"/>
  <testcase classname="Automation.Priority_Annotation" name="runningCar" time="0.003"/>
  <testcase classname="Automation.Priority_Annotation" name="stopCar" time="0.002"/>
  <testcase classname="Automation.Priority_Annotation" name="parkingCar" time="0.002"/>
</testsuite> <!-- Default test -->
