<?xml version="1.0" encoding="UTF-8"?>
<!-- Generated by org.testng.reporters.JUnitXMLReporter -->
<testsuite ignored="0" hostname="DESKTOP-1O7GECF" failures="0" tests="5" name="Default test" time="0.11" errors="0" timestamp="2021-06-07T00:11:52 IST">
  <testcase classname="Automation.DefendsOn_Annotation" name="startCar" time="0.019"/>
  <testcase classname="Automation.DefendsOn_Annotation" name="driveCar" time="0.002"/>
  <testcase classname="Automation.DefendsOn_Annotation" name="runningCar" time="0.001"/>
  <testcase classname="Automation.DefendsOn_Annotation" name="stopCar" time="0.001"/>
  <testcase classname="Automation.DefendsOn_Annotation" name="parkingCar" time="0.002"/>
</testsuite> <!-- Default test -->
