<?xml version="1.0" encoding="UTF-8"?>
<!-- Generated by org.testng.reporters.JUnitXMLReporter -->
<testsuite ignored="4" hostname="DESKTOP-1O7GECF" failures="0" tests="4" name="group test" time="0.111" errors="0" timestamp="2021-06-07T22:38:08 IST">
  <testcase classname="Automation.Grouping" name="onePlus1" time="0.015"/>
  <testcase classname="Automation.Grouping" name="onePlus2" time="0.003"/>
  <testcase classname="Automation.Grouping" name="samsung1" time="0.003"/>
  <testcase classname="Automation.Grouping" name="samsung2" time="0.005"/>
  <testcase classname="Automation.Grouping" name="sony1" time="0.0">
    <ignored/>
  </testcase> <!-- sony1 -->
  <testcase classname="Automation.Grouping" name="nokia1" time="0.0">
    <ignored/>
  </testcase> <!-- nokia1 -->
  <testcase classname="Automation.Grouping" name="sony2" time="0.0">
    <ignored/>
  </testcase> <!-- sony2 -->
  <testcase classname="Automation.Grouping" name="nokia2" time="0.0">
    <ignored/>
  </testcase> <!-- nokia2 -->
</testsuite> <!-- group test -->
