<?xml version="1.0" encoding="UTF-8"?>
<testng-results ignored="4" total="5" passed="1" failed="0" skipped="0">
  <reporter-output>
  </reporter-output>
  <suite started-at="2021-06-07T00:07:12 IST" name="Default suite" finished-at="2021-06-07T00:07:12 IST" duration-ms="85">
    <groups>
    </groups>
    <test started-at="2021-06-07T00:07:12 IST" name="Default test" finished-at="2021-06-07T00:07:12 IST" duration-ms="85">
      <class name="Automation.DefendsOn_Annotation">
        <test-method signature="startCar()[pri:0, instance:Automation.DefendsOn_Annotation@7671cb68]" started-at="2021-06-07T00:07:12 IST" name="startCar" finished-at="2021-06-07T00:07:12 IST" duration-ms="15" status="PASS">
          <reporter-output>
          </reporter-output>
        </test-method> <!-- startCar -->
      </class> <!-- Automation.DefendsOn_Annotation -->
    </test> <!-- Default test -->
  </suite> <!-- Default suite -->
</testng-results>
